{"E:\\TT\\Memcrab-tt\\src\\client\\components\\Form\\Form.tsx": {"path":"E:\\TT\\Memcrab-tt\\src\\client\\components\\Form\\Form.tsx","statementMap":{"0":{"start":{"line":5,"column":20},"end":{"line":96,"column":1}},"1":{"start":{"line":6,"column":46},"end":{"line":6,"column":58}},"2":{"start":{"line":7,"column":40},"end":{"line":7,"column":54}},"3":{"start":{"line":8,"column":52},"end":{"line":8,"column":64}},"4":{"start":{"line":9,"column":46},"end":{"line":9,"column":60}},"5":{"start":{"line":10,"column":52},"end":{"line":10,"column":64}},"6":{"start":{"line":11,"column":46},"end":{"line":11,"column":60}},"7":{"start":{"line":14,"column":35},"end":{"line":20,"column":3}},"8":{"start":{"line":15,"column":4},"end":{"line":19,"column":5}},"9":{"start":{"line":16,"column":6},"end":{"line":16,"column":18}},"10":{"start":{"line":18,"column":6},"end":{"line":18,"column":19}},"11":{"start":{"line":22,"column":28},"end":{"line":30,"column":3}},"12":{"start":{"line":23,"column":4},"end":{"line":29,"column":5}},"13":{"start":{"line":24,"column":6},"end":{"line":28,"column":7}},"14":{"start":{"line":25,"column":8},"end":{"line":25,"column":20}},"15":{"start":{"line":27,"column":8},"end":{"line":27,"column":21}},"16":{"start":{"line":32,"column":21},"end":{"line":45,"column":3}},"17":{"start":{"line":33,"column":4},"end":{"line":33,"column":22}},"18":{"start":{"line":35,"column":4},"end":{"line":44,"column":5}},"19":{"start":{"line":36,"column":6},"end":{"line":40,"column":7}},"20":{"start":{"line":37,"column":8},"end":{"line":37,"column":130}},"21":{"start":{"line":39,"column":8},"end":{"line":39,"column":33}},"22":{"start":{"line":42,"column":6},"end":{"line":42,"column":28}},"23":{"start":{"line":43,"column":6},"end":{"line":43,"column":31}},"24":{"start":{"line":47,"column":3},"end":{"line":95,"column":4}},"25":{"start":{"line":57,"column":31},"end":{"line":57,"column":64}},"26":{"start":{"line":71,"column":31},"end":{"line":71,"column":67}},"27":{"start":{"line":86,"column":31},"end":{"line":86,"column":67}}},"fnMap":{"0":{"name":"(anonymous_0)","decl":{"start":{"line":5,"column":20},"end":{"line":5,"column":21}},"loc":{"start":{"line":5,"column":26},"end":{"line":96,"column":1}},"line":5},"1":{"name":"(anonymous_1)","decl":{"start":{"line":14,"column":35},"end":{"line":14,"column":36}},"loc":{"start":{"line":14,"column":59},"end":{"line":20,"column":3}},"line":14},"2":{"name":"(anonymous_2)","decl":{"start":{"line":22,"column":28},"end":{"line":22,"column":29}},"loc":{"start":{"line":22,"column":47},"end":{"line":30,"column":3}},"line":22},"3":{"name":"(anonymous_3)","decl":{"start":{"line":32,"column":21},"end":{"line":32,"column":22}},"loc":{"start":{"line":32,"column":44},"end":{"line":45,"column":3}},"line":32},"4":{"name":"(anonymous_4)","decl":{"start":{"line":57,"column":24},"end":{"line":57,"column":25}},"loc":{"start":{"line":57,"column":31},"end":{"line":57,"column":64}},"line":57},"5":{"name":"(anonymous_5)","decl":{"start":{"line":71,"column":24},"end":{"line":71,"column":25}},"loc":{"start":{"line":71,"column":31},"end":{"line":71,"column":67}},"line":71},"6":{"name":"(anonymous_6)","decl":{"start":{"line":86,"column":24},"end":{"line":86,"column":25}},"loc":{"start":{"line":86,"column":31},"end":{"line":86,"column":67}},"line":86}},"branchMap":{"0":{"loc":{"start":{"line":15,"column":4},"end":{"line":19,"column":5}},"type":"if","locations":[{"start":{"line":15,"column":4},"end":{"line":19,"column":5}},{"start":{"line":15,"column":4},"end":{"line":19,"column":5}}],"line":15},"1":{"loc":{"start":{"line":15,"column":8},"end":{"line":15,"column":63}},"type":"binary-expr","locations":[{"start":{"line":15,"column":8},"end":{"line":15,"column":18}},{"start":{"line":15,"column":22},"end":{"line":15,"column":63}}],"line":15},"2":{"loc":{"start":{"line":23,"column":4},"end":{"line":29,"column":5}},"type":"if","locations":[{"start":{"line":23,"column":4},"end":{"line":29,"column":5}},{"start":{"line":23,"column":4},"end":{"line":29,"column":5}}],"line":23},"3":{"loc":{"start":{"line":23,"column":8},"end":{"line":23,"column":43}},"type":"binary-expr","locations":[{"start":{"line":23,"column":8},"end":{"line":23,"column":22}},{"start":{"line":23,"column":26},"end":{"line":23,"column":43}}],"line":23},"4":{"loc":{"start":{"line":24,"column":6},"end":{"line":28,"column":7}},"type":"if","locations":[{"start":{"line":24,"column":6},"end":{"line":28,"column":7}},{"start":{"line":24,"column":6},"end":{"line":28,"column":7}}],"line":24},"5":{"loc":{"start":{"line":35,"column":4},"end":{"line":44,"column":5}},"type":"if","locations":[{"start":{"line":35,"column":4},"end":{"line":44,"column":5}},{"start":{"line":35,"column":4},"end":{"line":44,"column":5}}],"line":35},"6":{"loc":{"start":{"line":35,"column":8},"end":{"line":35,"column":95}},"type":"binary-expr","locations":[{"start":{"line":35,"column":8},"end":{"line":35,"column":48}},{"start":{"line":35,"column":52},"end":{"line":35,"column":95}}],"line":35},"7":{"loc":{"start":{"line":36,"column":6},"end":{"line":40,"column":7}},"type":"if","locations":[{"start":{"line":36,"column":6},"end":{"line":40,"column":7}},{"start":{"line":36,"column":6},"end":{"line":40,"column":7}}],"line":36},"8":{"loc":{"start":{"line":60,"column":54},"end":{"line":60,"column":101}},"type":"cond-expr","locations":[{"start":{"line":60,"column":68},"end":{"line":60,"column":84}},{"start":{"line":60,"column":87},"end":{"line":60,"column":101}}],"line":60},"9":{"loc":{"start":{"line":74,"column":44},"end":{"line":74,"column":94}},"type":"cond-expr","locations":[{"start":{"line":74,"column":61},"end":{"line":74,"column":77}},{"start":{"line":74,"column":80},"end":{"line":74,"column":94}}],"line":74},"10":{"loc":{"start":{"line":89,"column":58},"end":{"line":89,"column":108}},"type":"cond-expr","locations":[{"start":{"line":89,"column":75},"end":{"line":89,"column":91}},{"start":{"line":89,"column":94},"end":{"line":89,"column":108}}],"line":89}},"s":{"0":1,"1":18,"2":18,"3":18,"4":18,"5":18,"6":18,"7":18,"8":5,"9":4,"10":1,"11":18,"12":2,"13":2,"14":1,"15":1,"16":18,"17":3,"18":3,"19":2,"20":1,"21":1,"22":1,"23":1,"24":18,"25":5,"26":5,"27":5},"f":{"0":18,"1":5,"2":2,"3":3,"4":5,"5":5,"6":5},"b":{"0":[4,1],"1":[5,4],"2":[2,0],"3":[2,2],"4":[1,1],"5":[2,1],"6":[3,2],"7":[1,1],"8":[14,4],"9":[14,4],"10":[10,8]},"_coverageSchema":"1a1c01bbd47fc00a2c39e90264f33305004495a9","hash":"fef758a04d600a424d00928450faa6bf3649e34d"}
,"E:\\TT\\Memcrab-tt\\src\\client\\components\\Matrix\\Matrix.tsx": {"path":"E:\\TT\\Memcrab-tt\\src\\client\\components\\Matrix\\Matrix.tsx","statementMap":{"0":{"start":{"line":17,"column":22},"end":{"line":80,"column":1}},"1":{"start":{"line":18,"column":19},"end":{"line":18,"column":32}},"2":{"start":{"line":19,"column":16},"end":{"line":19,"column":37}},"3":{"start":{"line":20,"column":22},"end":{"line":20,"column":49}},"4":{"start":{"line":22,"column":2},"end":{"line":79,"column":3}},"5":{"start":{"line":26,"column":10},"end":{"line":63,"column":15}},"6":{"start":{"line":28,"column":92},"end":{"line":28,"column":114}},"7":{"start":{"line":31,"column":14},"end":{"line":53,"column":19}},"8":{"start":{"line":34,"column":31},"end":{"line":34,"column":62}},"9":{"start":{"line":35,"column":35},"end":{"line":35,"column":62}},"10":{"start":{"line":36,"column":34},"end":{"line":36,"column":61}},"11":{"start":{"line":41,"column":84},"end":{"line":41,"column":108}},"12":{"start":{"line":49,"column":95},"end":{"line":49,"column":119}},"13":{"start":{"line":58,"column":33},"end":{"line":58,"column":60}},"14":{"start":{"line":59,"column":32},"end":{"line":59,"column":59}},"15":{"start":{"line":61,"column":48},"end":{"line":61,"column":72}},"16":{"start":{"line":69,"column":12},"end":{"line":71,"column":17}},"17":{"start":{"line":74,"column":83},"end":{"line":74,"column":128}}},"fnMap":{"0":{"name":"(anonymous_0)","decl":{"start":{"line":17,"column":22},"end":{"line":17,"column":23}},"loc":{"start":{"line":17,"column":28},"end":{"line":80,"column":1}},"line":17},"1":{"name":"(anonymous_1)","decl":{"start":{"line":25,"column":19},"end":{"line":25,"column":20}},"loc":{"start":{"line":26,"column":10},"end":{"line":63,"column":15}},"line":26},"2":{"name":"(anonymous_2)","decl":{"start":{"line":28,"column":86},"end":{"line":28,"column":87}},"loc":{"start":{"line":28,"column":92},"end":{"line":28,"column":114}},"line":28},"3":{"name":"(anonymous_3)","decl":{"start":{"line":30,"column":21},"end":{"line":30,"column":22}},"loc":{"start":{"line":31,"column":14},"end":{"line":53,"column":19}},"line":31},"4":{"name":"(anonymous_4)","decl":{"start":{"line":34,"column":25},"end":{"line":34,"column":26}},"loc":{"start":{"line":34,"column":31},"end":{"line":34,"column":62}},"line":34},"5":{"name":"(anonymous_5)","decl":{"start":{"line":35,"column":29},"end":{"line":35,"column":30}},"loc":{"start":{"line":35,"column":35},"end":{"line":35,"column":62}},"line":35},"6":{"name":"(anonymous_6)","decl":{"start":{"line":36,"column":28},"end":{"line":36,"column":29}},"loc":{"start":{"line":36,"column":34},"end":{"line":36,"column":61}},"line":36},"7":{"name":"(anonymous_7)","decl":{"start":{"line":41,"column":62},"end":{"line":41,"column":63}},"loc":{"start":{"line":41,"column":84},"end":{"line":41,"column":108}},"line":41},"8":{"name":"(anonymous_8)","decl":{"start":{"line":49,"column":73},"end":{"line":49,"column":74}},"loc":{"start":{"line":49,"column":95},"end":{"line":49,"column":119}},"line":49},"9":{"name":"(anonymous_9)","decl":{"start":{"line":58,"column":27},"end":{"line":58,"column":28}},"loc":{"start":{"line":58,"column":33},"end":{"line":58,"column":60}},"line":58},"10":{"name":"(anonymous_10)","decl":{"start":{"line":59,"column":26},"end":{"line":59,"column":27}},"loc":{"start":{"line":59,"column":32},"end":{"line":59,"column":59}},"line":59},"11":{"name":"(anonymous_11)","decl":{"start":{"line":61,"column":26},"end":{"line":61,"column":27}},"loc":{"start":{"line":61,"column":48},"end":{"line":61,"column":72}},"line":61},"12":{"name":"(anonymous_12)","decl":{"start":{"line":68,"column":27},"end":{"line":68,"column":28}},"loc":{"start":{"line":69,"column":12},"end":{"line":71,"column":17}},"line":69},"13":{"name":"(anonymous_13)","decl":{"start":{"line":74,"column":77},"end":{"line":74,"column":78}},"loc":{"start":{"line":74,"column":83},"end":{"line":74,"column":128}},"line":74}},"branchMap":{"0":{"loc":{"start":{"line":37,"column":27},"end":{"line":37,"column":92}},"type":"cond-expr","locations":[{"start":{"line":37,"column":43},"end":{"line":37,"column":76}},{"start":{"line":37,"column":79},"end":{"line":37,"column":92}}],"line":37},"1":{"loc":{"start":{"line":40,"column":19},"end":{"line":42,"column":33}},"type":"cond-expr","locations":[{"start":{"line":41,"column":22},"end":{"line":41,"column":123}},{"start":{"line":42,"column":22},"end":{"line":42,"column":33}}],"line":40},"2":{"loc":{"start":{"line":48,"column":20},"end":{"line":50,"column":37}},"type":"cond-expr","locations":[{"start":{"line":49,"column":24},"end":{"line":49,"column":159}},{"start":{"line":50,"column":24},"end":{"line":50,"column":37}}],"line":48}},"s":{"0":1,"1":8,"2":8,"3":8,"4":8,"5":18,"6":1,"7":54,"8":1,"9":1,"10":1,"11":9,"12":9,"13":1,"14":1,"15":54,"16":24,"17":1},"f":{"0":8,"1":18,"2":1,"3":54,"4":1,"5":1,"6":1,"7":9,"8":9,"9":1,"10":1,"11":54,"12":24,"13":1},"b":{"0":[1,53],"1":[3,51],"2":[3,51]},"_coverageSchema":"1a1c01bbd47fc00a2c39e90264f33305004495a9","hash":"53f5af9faa83954bc7fa390f9f23aef73acebacf"}
,"E:\\TT\\Memcrab-tt\\src\\client\\lib\\lib.ts": {"path":"E:\\TT\\Memcrab-tt\\src\\client\\lib\\lib.ts","statementMap":{"0":{"start":{"line":3,"column":9},"end":{"line":3,"column":10}},"1":{"start":{"line":5,"column":34},"end":{"line":7,"column":1}},"2":{"start":{"line":6,"column":2},"end":{"line":6,"column":49}},"3":{"start":{"line":9,"column":26},"end":{"line":22,"column":1}},"4":{"start":{"line":10,"column":14},"end":{"line":10,"column":42}},"5":{"start":{"line":12,"column":14},"end":{"line":19,"column":4}},"6":{"start":{"line":13,"column":4},"end":{"line":18,"column":6}},"7":{"start":{"line":21,"column":2},"end":{"line":21,"column":13}},"8":{"start":{"line":24,"column":28},"end":{"line":30,"column":1}},"9":{"start":{"line":25,"column":14},"end":{"line":25,"column":39}},"10":{"start":{"line":27,"column":16},"end":{"line":27,"column":50}},"11":{"start":{"line":27,"column":30},"end":{"line":27,"column":49}},"12":{"start":{"line":29,"column":2},"end":{"line":29,"column":15}},"13":{"start":{"line":32,"column":32},"end":{"line":49,"column":1}},"14":{"start":{"line":33,"column":2},"end":{"line":48,"column":3}},"15":{"start":{"line":34,"column":21},"end":{"line":34,"column":55}},"16":{"start":{"line":35,"column":16},"end":{"line":44,"column":6}},"17":{"start":{"line":36,"column":16},"end":{"line":36,"column":17}},"18":{"start":{"line":37,"column":6},"end":{"line":39,"column":8}},"19":{"start":{"line":38,"column":8},"end":{"line":38,"column":29}},"20":{"start":{"line":40,"column":6},"end":{"line":43,"column":8}},"21":{"start":{"line":45,"column":4},"end":{"line":45,"column":15}},"22":{"start":{"line":47,"column":4},"end":{"line":47,"column":14}},"23":{"start":{"line":51,"column":27},"end":{"line":74,"column":1}},"24":{"start":{"line":52,"column":12},"end":{"line":52,"column":24}},"25":{"start":{"line":53,"column":2},"end":{"line":53,"column":41}},"26":{"start":{"line":53,"column":21},"end":{"line":53,"column":40}},"27":{"start":{"line":54,"column":22},"end":{"line":54,"column":41}},"28":{"start":{"line":55,"column":14},"end":{"line":55,"column":33}},"29":{"start":{"line":56,"column":2},"end":{"line":56,"column":49}},"30":{"start":{"line":56,"column":27},"end":{"line":56,"column":48}},"31":{"start":{"line":58,"column":2},"end":{"line":73,"column":3}},"32":{"start":{"line":59,"column":4},"end":{"line":59,"column":46}},"33":{"start":{"line":60,"column":9},"end":{"line":73,"column":3}},"34":{"start":{"line":61,"column":4},"end":{"line":61,"column":75}},"35":{"start":{"line":62,"column":9},"end":{"line":73,"column":3}},"36":{"start":{"line":63,"column":4},"end":{"line":63,"column":62}},"37":{"start":{"line":65,"column":20},"end":{"line":65,"column":86}},"38":{"start":{"line":66,"column":4},"end":{"line":72,"column":5}},"39":{"start":{"line":67,"column":6},"end":{"line":67,"column":21}},"40":{"start":{"line":68,"column":6},"end":{"line":68,"column":20}},"41":{"start":{"line":70,"column":6},"end":{"line":70,"column":19}},"42":{"start":{"line":71,"column":6},"end":{"line":71,"column":20}}},"fnMap":{"0":{"name":"(anonymous_0)","decl":{"start":{"line":5,"column":34},"end":{"line":5,"column":35}},"loc":{"start":{"line":5,"column":40},"end":{"line":7,"column":1}},"line":5},"1":{"name":"(anonymous_1)","decl":{"start":{"line":9,"column":26},"end":{"line":9,"column":27}},"loc":{"start":{"line":9,"column":47},"end":{"line":22,"column":1}},"line":9},"2":{"name":"(anonymous_2)","decl":{"start":{"line":12,"column":22},"end":{"line":12,"column":23}},"loc":{"start":{"line":12,"column":28},"end":{"line":19,"column":3}},"line":12},"3":{"name":"(anonymous_3)","decl":{"start":{"line":24,"column":28},"end":{"line":24,"column":29}},"loc":{"start":{"line":24,"column":63},"end":{"line":30,"column":1}},"line":24},"4":{"name":"(anonymous_4)","decl":{"start":{"line":27,"column":24},"end":{"line":27,"column":25}},"loc":{"start":{"line":27,"column":30},"end":{"line":27,"column":49}},"line":27},"5":{"name":"(anonymous_5)","decl":{"start":{"line":32,"column":32},"end":{"line":32,"column":33}},"loc":{"start":{"line":32,"column":53},"end":{"line":49,"column":1}},"line":32},"6":{"name":"(anonymous_6)","decl":{"start":{"line":35,"column":29},"end":{"line":35,"column":30}},"loc":{"start":{"line":35,"column":42},"end":{"line":44,"column":5}},"line":35},"7":{"name":"(anonymous_7)","decl":{"start":{"line":37,"column":20},"end":{"line":37,"column":21}},"loc":{"start":{"line":37,"column":28},"end":{"line":39,"column":7}},"line":37},"8":{"name":"(anonymous_8)","decl":{"start":{"line":51,"column":27},"end":{"line":51,"column":28}},"loc":{"start":{"line":51,"column":87},"end":{"line":74,"column":1}},"line":51},"9":{"name":"(anonymous_9)","decl":{"start":{"line":53,"column":11},"end":{"line":53,"column":12}},"loc":{"start":{"line":53,"column":21},"end":{"line":53,"column":40}},"line":53},"10":{"name":"(anonymous_10)","decl":{"start":{"line":56,"column":19},"end":{"line":56,"column":20}},"loc":{"start":{"line":56,"column":27},"end":{"line":56,"column":48}},"line":56}},"branchMap":{"0":{"loc":{"start":{"line":33,"column":2},"end":{"line":48,"column":3}},"type":"if","locations":[{"start":{"line":33,"column":2},"end":{"line":48,"column":3}},{"start":{"line":33,"column":2},"end":{"line":48,"column":3}}],"line":33},"1":{"loc":{"start":{"line":58,"column":2},"end":{"line":73,"column":3}},"type":"if","locations":[{"start":{"line":58,"column":2},"end":{"line":73,"column":3}},{"start":{"line":58,"column":2},"end":{"line":73,"column":3}}],"line":58},"2":{"loc":{"start":{"line":60,"column":9},"end":{"line":73,"column":3}},"type":"if","locations":[{"start":{"line":60,"column":9},"end":{"line":73,"column":3}},{"start":{"line":60,"column":9},"end":{"line":73,"column":3}}],"line":60},"3":{"loc":{"start":{"line":62,"column":9},"end":{"line":73,"column":3}},"type":"if","locations":[{"start":{"line":62,"column":9},"end":{"line":73,"column":3}},{"start":{"line":62,"column":9},"end":{"line":73,"column":3}}],"line":62},"4":{"loc":{"start":{"line":66,"column":4},"end":{"line":72,"column":5}},"type":"if","locations":[{"start":{"line":66,"column":4},"end":{"line":72,"column":5}},{"start":{"line":66,"column":4},"end":{"line":72,"column":5}}],"line":66}},"s":{"0":2,"1":2,"2":62,"3":2,"4":18,"5":18,"6":60,"7":18,"8":2,"9":4,"10":4,"11":13,"12":4,"13":2,"14":6,"15":5,"16":5,"17":15,"18":15,"19":39,"20":15,"21":5,"22":1,"23":2,"24":9,"25":9,"26":156,"27":9,"28":9,"29":9,"30":75,"31":9,"32":1,"33":8,"34":5,"35":3,"36":1,"37":2,"38":2,"39":1,"40":1,"41":1,"42":1},"f":{"0":62,"1":18,"2":60,"3":4,"4":13,"5":6,"6":15,"7":39,"8":9,"9":156,"10":75},"b":{"0":[5,1],"1":[1,8],"2":[5,3],"3":[1,2],"4":[1,1]},"_coverageSchema":"1a1c01bbd47fc00a2c39e90264f33305004495a9","hash":"305af672022c77411059b18dfa9ff8a635e3ed8c"}
,"E:\\TT\\Memcrab-tt\\src\\client\\store\\actions.ts": {"path":"E:\\TT\\Memcrab-tt\\src\\client\\store\\actions.ts","statementMap":{"0":{"start":{"line":3,"column":23},"end":{"line":11,"column":10}}},"fnMap":{},"branchMap":{},"s":{"0":1},"f":{},"b":{},"_coverageSchema":"1a1c01bbd47fc00a2c39e90264f33305004495a9","hash":"2167c86555155c53e3ed142812144f3eaf21a67a"}
,"E:\\TT\\Memcrab-tt\\src\\client\\store\\store.ts": {"path":"E:\\TT\\Memcrab-tt\\src\\client\\store\\store.ts","statementMap":{"0":{"start":{"line":6,"column":24},"end":{"line":9,"column":2}},"1":{"start":{"line":6,"column":46},"end":{"line":9,"column":1}},"2":{"start":{"line":10,"column":22},"end":{"line":13,"column":2}},"3":{"start":{"line":10,"column":40},"end":{"line":13,"column":1}},"4":{"start":{"line":14,"column":25},"end":{"line":17,"column":2}},"5":{"start":{"line":14,"column":46},"end":{"line":17,"column":1}},"6":{"start":{"line":18,"column":25},"end":{"line":22,"column":2}},"7":{"start":{"line":18,"column":60},"end":{"line":22,"column":1}},"8":{"start":{"line":23,"column":30},"end":{"line":26,"column":2}},"9":{"start":{"line":23,"column":53},"end":{"line":26,"column":1}},"10":{"start":{"line":27,"column":27},"end":{"line":30,"column":2}},"11":{"start":{"line":27,"column":46},"end":{"line":30,"column":1}},"12":{"start":{"line":31,"column":34},"end":{"line":34,"column":2}},"13":{"start":{"line":31,"column":64},"end":{"line":34,"column":1}},"14":{"start":{"line":42,"column":24},"end":{"line":42,"column":53}},"15":{"start":{"line":42,"column":42},"end":{"line":42,"column":53}},"16":{"start":{"line":43,"column":30},"end":{"line":43,"column":65}},"17":{"start":{"line":43,"column":48},"end":{"line":43,"column":65}},"18":{"start":{"line":45,"column":21},"end":{"line":49,"column":1}},"19":{"start":{"line":51,"column":23},"end":{"line":125,"column":1}},"20":{"start":{"line":52,"column":2},"end":{"line":124,"column":3}},"21":{"start":{"line":54,"column":6},"end":{"line":58,"column":8}},"22":{"start":{"line":61,"column":6},"end":{"line":68,"column":8}},"23":{"start":{"line":71,"column":28},"end":{"line":71,"column":103}},"24":{"start":{"line":71,"column":79},"end":{"line":71,"column":102}},"25":{"start":{"line":72,"column":6},"end":{"line":76,"column":7}},"26":{"start":{"line":79,"column":20},"end":{"line":79,"column":36}},"27":{"start":{"line":80,"column":30},"end":{"line":80,"column":96}},"28":{"start":{"line":80,"column":74},"end":{"line":80,"column":95}},"29":{"start":{"line":81,"column":6},"end":{"line":83,"column":7}},"30":{"start":{"line":82,"column":8},"end":{"line":82,"column":33}},"31":{"start":{"line":84,"column":6},"end":{"line":88,"column":7}},"32":{"start":{"line":91,"column":30},"end":{"line":91,"column":46}},"33":{"start":{"line":92,"column":8},"end":{"line":95,"column":11}},"34":{"start":{"line":92,"column":93},"end":{"line":95,"column":9}},"35":{"start":{"line":96,"column":8},"end":{"line":99,"column":9}},"36":{"start":{"line":102,"column":8},"end":{"line":105,"column":9}},"37":{"start":{"line":108,"column":24},"end":{"line":108,"column":86}},"38":{"start":{"line":109,"column":29},"end":{"line":109,"column":45}},"39":{"start":{"line":110,"column":8},"end":{"line":116,"column":10}},"40":{"start":{"line":111,"column":10},"end":{"line":115,"column":12}},"41":{"start":{"line":112,"column":12},"end":{"line":114,"column":13}},"42":{"start":{"line":113,"column":14},"end":{"line":113,"column":44}},"43":{"start":{"line":117,"column":8},"end":{"line":120,"column":10}},"44":{"start":{"line":123,"column":6},"end":{"line":123,"column":19}}},"fnMap":{"0":{"name":"(anonymous_0)","decl":{"start":{"line":6,"column":24},"end":{"line":6,"column":25}},"loc":{"start":{"line":6,"column":46},"end":{"line":9,"column":1}},"line":6},"1":{"name":"(anonymous_1)","decl":{"start":{"line":10,"column":22},"end":{"line":10,"column":23}},"loc":{"start":{"line":10,"column":40},"end":{"line":13,"column":1}},"line":10},"2":{"name":"(anonymous_2)","decl":{"start":{"line":14,"column":25},"end":{"line":14,"column":26}},"loc":{"start":{"line":14,"column":46},"end":{"line":17,"column":1}},"line":14},"3":{"name":"(anonymous_3)","decl":{"start":{"line":18,"column":25},"end":{"line":18,"column":26}},"loc":{"start":{"line":18,"column":60},"end":{"line":22,"column":1}},"line":18},"4":{"name":"(anonymous_4)","decl":{"start":{"line":23,"column":30},"end":{"line":23,"column":31}},"loc":{"start":{"line":23,"column":53},"end":{"line":26,"column":1}},"line":23},"5":{"name":"(anonymous_5)","decl":{"start":{"line":27,"column":27},"end":{"line":27,"column":28}},"loc":{"start":{"line":27,"column":46},"end":{"line":30,"column":1}},"line":27},"6":{"name":"(anonymous_6)","decl":{"start":{"line":31,"column":34},"end":{"line":31,"column":35}},"loc":{"start":{"line":31,"column":64},"end":{"line":34,"column":1}},"line":31},"7":{"name":"(anonymous_7)","decl":{"start":{"line":42,"column":24},"end":{"line":42,"column":25}},"loc":{"start":{"line":42,"column":42},"end":{"line":42,"column":53}},"line":42},"8":{"name":"(anonymous_8)","decl":{"start":{"line":43,"column":30},"end":{"line":43,"column":31}},"loc":{"start":{"line":43,"column":48},"end":{"line":43,"column":65}},"line":43},"9":{"name":"(anonymous_9)","decl":{"start":{"line":51,"column":23},"end":{"line":51,"column":24}},"loc":{"start":{"line":51,"column":76},"end":{"line":125,"column":1}},"line":51},"10":{"name":"(anonymous_10)","decl":{"start":{"line":71,"column":47},"end":{"line":71,"column":48}},"loc":{"start":{"line":71,"column":79},"end":{"line":71,"column":102}},"line":71},"11":{"name":"(anonymous_11)","decl":{"start":{"line":80,"column":58},"end":{"line":80,"column":59}},"loc":{"start":{"line":80,"column":74},"end":{"line":80,"column":95}},"line":80},"12":{"name":"(anonymous_12)","decl":{"start":{"line":92,"column":76},"end":{"line":92,"column":77}},"loc":{"start":{"line":92,"column":93},"end":{"line":95,"column":9}},"line":92},"13":{"name":"(anonymous_13)","decl":{"start":{"line":110,"column":29},"end":{"line":110,"column":30}},"loc":{"start":{"line":110,"column":36},"end":{"line":116,"column":9}},"line":110},"14":{"name":"(anonymous_14)","decl":{"start":{"line":111,"column":22},"end":{"line":111,"column":23}},"loc":{"start":{"line":111,"column":38},"end":{"line":115,"column":11}},"line":111}},"branchMap":{"0":{"loc":{"start":{"line":51,"column":24},"end":{"line":51,"column":51}},"type":"default-arg","locations":[{"start":{"line":51,"column":39},"end":{"line":51,"column":51}}],"line":51},"1":{"loc":{"start":{"line":52,"column":2},"end":{"line":124,"column":3}},"type":"switch","locations":[{"start":{"line":53,"column":4},"end":{"line":58,"column":8}},{"start":{"line":60,"column":4},"end":{"line":68,"column":8}},{"start":{"line":70,"column":4},"end":{"line":76,"column":7}},{"start":{"line":78,"column":4},"end":{"line":88,"column":7}},{"start":{"line":90,"column":6},"end":{"line":99,"column":9}},{"start":{"line":101,"column":6},"end":{"line":105,"column":9}},{"start":{"line":107,"column":6},"end":{"line":120,"column":10}},{"start":{"line":122,"column":4},"end":{"line":123,"column":19}}],"line":52},"2":{"loc":{"start":{"line":81,"column":6},"end":{"line":83,"column":7}},"type":"if","locations":[{"start":{"line":81,"column":6},"end":{"line":83,"column":7}},{"start":{"line":81,"column":6},"end":{"line":83,"column":7}}],"line":81},"3":{"loc":{"start":{"line":112,"column":12},"end":{"line":114,"column":13}},"type":"if","locations":[{"start":{"line":112,"column":12},"end":{"line":114,"column":13}},{"start":{"line":112,"column":12},"end":{"line":114,"column":13}}],"line":112}},"s":{"0":1,"1":1,"2":1,"3":1,"4":1,"5":1,"6":1,"7":1,"8":1,"9":2,"10":1,"11":2,"12":1,"13":1,"14":1,"15":16,"16":1,"17":16,"18":1,"19":1,"20":10,"21":1,"22":1,"23":1,"24":3,"25":1,"26":1,"27":1,"28":1,"29":1,"30":1,"31":1,"32":2,"33":2,"34":6,"35":2,"36":1,"37":2,"38":2,"39":2,"40":4,"41":12,"42":2,"43":2,"44":1},"f":{"0":1,"1":1,"2":1,"3":1,"4":2,"5":2,"6":1,"7":16,"8":16,"9":10,"10":3,"11":1,"12":6,"13":4,"14":12},"b":{"0":[1],"1":[1,1,1,1,2,1,2,1],"2":[1,0],"3":[2,10]},"_coverageSchema":"1a1c01bbd47fc00a2c39e90264f33305004495a9","hash":"1eea224ade3623de76b55f6b82be9b6d45e05520"}
}
