TN:
SF:src\client\components\Form\Form.tsx
FN:5,(anonymous_0)
FN:14,(anonymous_1)
FN:22,(anonymous_2)
FN:32,(anonymous_3)
FN:57,(anonymous_4)
FN:71,(anonymous_5)
FN:86,(anonymous_6)
FNF:7
FNH:7
FNDA:18,(anonymous_0)
FNDA:5,(anonymous_1)
FNDA:2,(anonymous_2)
FNDA:3,(anonymous_3)
FNDA:5,(anonymous_4)
FNDA:5,(anonymous_5)
FNDA:5,(anonymous_6)
DA:5,1
DA:6,18
DA:7,18
DA:8,18
DA:9,18
DA:10,18
DA:11,18
DA:14,18
DA:15,5
DA:16,4
DA:18,1
DA:22,18
DA:23,2
DA:24,2
DA:25,1
DA:27,1
DA:32,18
DA:33,3
DA:35,3
DA:36,2
DA:37,1
DA:39,1
DA:42,1
DA:43,1
DA:47,18
DA:57,5
DA:71,5
DA:86,5
LF:28
LH:28
BRDA:15,0,0,4
BRDA:15,0,1,1
BRDA:15,1,0,5
BRDA:15,1,1,4
BRDA:23,2,0,2
BRDA:23,2,1,0
BRDA:23,3,0,2
BRDA:23,3,1,2
BRDA:24,4,0,1
BRDA:24,4,1,1
BRDA:35,5,0,2
BRDA:35,5,1,1
BRDA:35,6,0,3
BRDA:35,6,1,2
BRDA:36,7,0,1
BRDA:36,7,1,1
BRDA:60,8,0,14
BRDA:60,8,1,4
BRDA:74,9,0,14
BRDA:74,9,1,4
BRDA:89,10,0,10
BRDA:89,10,1,8
BRF:22
BRH:21
end_of_record
TN:
SF:src\client\components\Matrix\Matrix.tsx
FN:17,(anonymous_0)
FN:25,(anonymous_1)
FN:28,(anonymous_2)
FN:30,(anonymous_3)
FN:34,(anonymous_4)
FN:35,(anonymous_5)
FN:36,(anonymous_6)
FN:41,(anonymous_7)
FN:49,(anonymous_8)
FN:58,(anonymous_9)
FN:59,(anonymous_10)
FN:61,(anonymous_11)
FN:68,(anonymous_12)
FN:74,(anonymous_13)
FNF:14
FNH:14
FNDA:8,(anonymous_0)
FNDA:18,(anonymous_1)
FNDA:1,(anonymous_2)
FNDA:54,(anonymous_3)
FNDA:1,(anonymous_4)
FNDA:1,(anonymous_5)
FNDA:1,(anonymous_6)
FNDA:9,(anonymous_7)
FNDA:9,(anonymous_8)
FNDA:1,(anonymous_9)
FNDA:1,(anonymous_10)
FNDA:54,(anonymous_11)
FNDA:24,(anonymous_12)
FNDA:1,(anonymous_13)
DA:17,1
DA:18,8
DA:19,8
DA:20,8
DA:22,8
DA:26,18
DA:28,1
DA:31,54
DA:34,1
DA:35,1
DA:36,1
DA:41,9
DA:49,9
DA:58,1
DA:59,1
DA:61,54
DA:69,24
DA:74,1
LF:18
LH:18
BRDA:37,0,0,1
BRDA:37,0,1,53
BRDA:40,1,0,3
BRDA:40,1,1,51
BRDA:48,2,0,3
BRDA:48,2,1,51
BRF:6
BRH:6
end_of_record
TN:
SF:src\client\lib\lib.ts
FN:5,(anonymous_0)
FN:9,(anonymous_1)
FN:12,(anonymous_2)
FN:24,(anonymous_3)
FN:27,(anonymous_4)
FN:32,(anonymous_5)
FN:35,(anonymous_6)
FN:37,(anonymous_7)
FN:51,(anonymous_8)
FN:53,(anonymous_9)
FN:56,(anonymous_10)
FNF:11
FNH:11
FNDA:62,(anonymous_0)
FNDA:18,(anonymous_1)
FNDA:60,(anonymous_2)
FNDA:4,(anonymous_3)
FNDA:13,(anonymous_4)
FNDA:6,(anonymous_5)
FNDA:15,(anonymous_6)
FNDA:39,(anonymous_7)
FNDA:9,(anonymous_8)
FNDA:159,(anonymous_9)
FNDA:75,(anonymous_10)
DA:3,2
DA:5,2
DA:6,62
DA:9,2
DA:10,18
DA:12,18
DA:13,60
DA:21,18
DA:24,2
DA:25,4
DA:27,13
DA:29,4
DA:32,2
DA:33,6
DA:34,5
DA:35,5
DA:36,15
DA:37,15
DA:38,39
DA:40,15
DA:45,5
DA:47,1
DA:51,2
DA:52,9
DA:53,159
DA:54,9
DA:55,9
DA:56,75
DA:58,9
DA:59,2
DA:60,7
DA:61,3
DA:62,4
DA:63,1
DA:65,3
DA:66,3
DA:67,1
DA:68,1
DA:70,2
DA:71,2
LF:40
LH:40
BRDA:33,0,0,5
BRDA:33,0,1,1
BRDA:58,1,0,2
BRDA:58,1,1,7
BRDA:60,2,0,3
BRDA:60,2,1,4
BRDA:62,3,0,1
BRDA:62,3,1,3
BRDA:66,4,0,1
BRDA:66,4,1,2
BRF:10
BRH:10
end_of_record
TN:
SF:src\client\store\actions.ts
FNF:0
FNH:0
DA:3,1
LF:1
LH:1
BRF:0
BRH:0
end_of_record
TN:
SF:src\client\store\store.ts
FN:6,(anonymous_0)
FN:10,(anonymous_1)
FN:14,(anonymous_2)
FN:18,(anonymous_3)
FN:23,(anonymous_4)
FN:27,(anonymous_5)
FN:31,(anonymous_6)
FN:42,(anonymous_7)
FN:43,(anonymous_8)
FN:51,(anonymous_9)
FN:71,(anonymous_10)
FN:80,(anonymous_11)
FN:92,(anonymous_12)
FN:110,(anonymous_13)
FN:111,(anonymous_14)
FNF:15
FNH:15
FNDA:1,(anonymous_0)
FNDA:1,(anonymous_1)
FNDA:1,(anonymous_2)
FNDA:1,(anonymous_3)
FNDA:2,(anonymous_4)
FNDA:2,(anonymous_5)
FNDA:1,(anonymous_6)
FNDA:16,(anonymous_7)
FNDA:16,(anonymous_8)
FNDA:10,(anonymous_9)
FNDA:3,(anonymous_10)
FNDA:1,(anonymous_11)
FNDA:6,(anonymous_12)
FNDA:4,(anonymous_13)
FNDA:12,(anonymous_14)
DA:6,1
DA:10,1
DA:14,1
DA:18,1
DA:23,2
DA:27,2
DA:31,1
DA:42,16
DA:43,16
DA:45,1
DA:51,1
DA:52,10
DA:54,1
DA:61,1
DA:71,3
DA:72,1
DA:79,1
DA:80,1
DA:81,1
DA:82,1
DA:84,1
DA:91,2
DA:92,6
DA:96,2
DA:102,1
DA:108,2
DA:109,2
DA:110,2
DA:111,4
DA:112,12
DA:113,2
DA:117,2
DA:123,1
LF:33
LH:33
BRDA:51,0,0,1
BRDA:52,1,0,1
BRDA:52,1,1,1
BRDA:52,1,2,1
BRDA:52,1,3,1
BRDA:52,1,4,2
BRDA:52,1,5,1
BRDA:52,1,6,2
BRDA:52,1,7,1
BRDA:81,2,0,1
BRDA:81,2,1,0
BRDA:112,3,0,2
BRDA:112,3,1,10
BRF:13
BRH:12
end_of_record
